生成启动时间为 2022/9/17 20:47:41。
     1>项目“D:\代码\data structure_code\data-structure_code\9-17\9-17\9-17.vcxproj”在节点 2 上(Build 个目标)。
     1>ClCompile:
         D:\VS2013\VC\bin\CL.exe /c /ZI /nologo /W3 /WX- /sdl /Od /Oy- /D WIN32 /D _DEBUG /D _CONSOLE /D _LIB /D _UNICODE /D UNICODE /Gm /EHsc /RTC1 /MDd /GS /fp:precise /Zc:wchar_t /Zc:forScope /Fo"Debug\\" /Fd"Debug\vc120.pdb" /Gd /TC /analyze- /errorReport:prompt SeqList.c Test.c
         Test.c
     1>d:\代码\data structure_code\data-structure_code\9-17\9-17\seqlist.h(20): error C2011: “SeqList”:“struct”类型重定义
                 d:\代码\data structure_code\data-structure_code\9-17\9-17\seqlist.h(12) : 参见“SeqList”的声明
     1>d:\代码\data structure_code\data-structure_code\9-17\9-17\seqlist.h(29): error C2146: 语法错误: 缺少“)”(在标识符“sl”的前面)
     1>d:\代码\data structure_code\data-structure_code\9-17\9-17\seqlist.h(29): error C2061: 语法错误: 标识符“sl”
     1>d:\代码\data structure_code\data-structure_code\9-17\9-17\seqlist.h(29): error C2059: 语法错误:“;”
     1>d:\代码\data structure_code\data-structure_code\9-17\9-17\seqlist.h(29): error C2059: 语法错误:“)”
     1>d:\代码\data structure_code\data-structure_code\9-17\9-17\seqlist.h(31): error C2146: 语法错误: 缺少“)”(在标识符“sl”的前面)
     1>d:\代码\data structure_code\data-structure_code\9-17\9-17\seqlist.h(31): error C2061: 语法错误: 标识符“sl”
     1>d:\代码\data structure_code\data-structure_code\9-17\9-17\seqlist.h(31): error C2059: 语法错误:“;”
     1>d:\代码\data structure_code\data-structure_code\9-17\9-17\seqlist.h(31): error C2059: 语法错误:“)”
     1>d:\代码\data structure_code\data-structure_code\9-17\9-17\test.c(5): error C2065: “SL”: 未声明的标识符
     1>d:\代码\data structure_code\data-structure_code\9-17\9-17\test.c(5): error C2146: 语法错误: 缺少“;”(在标识符“s”的前面)
     1>d:\代码\data structure_code\data-structure_code\9-17\9-17\test.c(5): error C2065: “s”: 未声明的标识符
     1>d:\代码\data structure_code\data-structure_code\9-17\9-17\test.c(6): warning C4013: “SLInit”未定义；假设外部返回 int
     1>d:\代码\data structure_code\data-structure_code\9-17\9-17\test.c(6): error C2065: “s”: 未声明的标识符
         SeqList.c
     1>d:\代码\data structure_code\data-structure_code\9-17\9-17\seqlist.h(20): error C2011: “SeqList”:“struct”类型重定义
                 d:\代码\data structure_code\data-structure_code\9-17\9-17\seqlist.h(12) : 参见“SeqList”的声明
     1>d:\代码\data structure_code\data-structure_code\9-17\9-17\seqlist.h(29): error C2146: 语法错误: 缺少“)”(在标识符“sl”的前面)
     1>d:\代码\data structure_code\data-structure_code\9-17\9-17\seqlist.h(29): error C2061: 语法错误: 标识符“sl”
     1>d:\代码\data structure_code\data-structure_code\9-17\9-17\seqlist.h(29): error C2059: 语法错误:“;”
     1>d:\代码\data structure_code\data-structure_code\9-17\9-17\seqlist.h(29): error C2059: 语法错误:“)”
     1>d:\代码\data structure_code\data-structure_code\9-17\9-17\seqlist.h(31): error C2146: 语法错误: 缺少“)”(在标识符“sl”的前面)
     1>d:\代码\data structure_code\data-structure_code\9-17\9-17\seqlist.h(31): error C2061: 语法错误: 标识符“sl”
     1>d:\代码\data structure_code\data-structure_code\9-17\9-17\seqlist.h(31): error C2059: 语法错误:“;”
     1>d:\代码\data structure_code\data-structure_code\9-17\9-17\seqlist.h(31): error C2059: 语法错误:“)”
     1>d:\代码\data structure_code\data-structure_code\9-17\9-17\seqlist.c(4): error C2146: 语法错误: 缺少“)”(在标识符“sl”的前面)
     1>d:\代码\data structure_code\data-structure_code\9-17\9-17\seqlist.c(4): error C2061: 语法错误: 标识符“sl”
     1>d:\代码\data structure_code\data-structure_code\9-17\9-17\seqlist.c(4): error C2059: 语法错误:“;”
     1>d:\代码\data structure_code\data-structure_code\9-17\9-17\seqlist.c(4): error C2059: 语法错误:“)”
     1>d:\代码\data structure_code\data-structure_code\9-17\9-17\seqlist.c(5): error C2449: 在文件范围内找到“{”(是否缺少函数头?)
     1>d:\代码\data structure_code\data-structure_code\9-17\9-17\seqlist.c(8): error C2059: 语法错误:“}”
         正在生成代码...
     1>已完成生成项目“D:\代码\data structure_code\data-structure_code\9-17\9-17\9-17.vcxproj”(Build 个目标)的操作 - 失败。

生成失败。

已用时间 00:00:00.17
